SpeedTracker/Application/build/intermediates/manifest_merge_blame_file/debug/manifest-merger-blame-debug-report.txt
1<?xml version="1.0" encoding="utf-8"?>
2<manifest xmlns:android="http://schemas.android.com/apk/res/android"
3    package="com.example.android.wearable.speedtracker"
4    android:versionCode="1"
5    android:versionName="1.0" >
6
7    <uses-sdk
8        android:minSdkVersion="18"
8-->src/main/AndroidManifest.xml
9        android:targetSdkVersion="28" />
9-->src/main/AndroidManifest.xml
10
11    <!-- BEGIN_INCLUDE(manifest) -->
12
13
14    <!--
15         Note that all required permissions are declared here in the Android manifest.
16         On Android M and above, use of permissions not in the normal permission group are
17         requested at run time.
18    -->
19    <uses-permission android:name="android.permission.INTERNET" />
19-->src/main/AndroidManifest.xml:11:5-66
19-->src/main/AndroidManifest.xml:11:22-64
20    <uses-permission android:name="android.permission.ACCESS_NETWORK_STATE" />
20-->src/main/AndroidManifest.xml:12:5-78
20-->src/main/AndroidManifest.xml:12:22-76
21    <uses-permission android:name="android.permission.WAKE_LOCK" />
21-->src/main/AndroidManifest.xml:13:5-68
21-->src/main/AndroidManifest.xml:13:22-65
22    <uses-permission
22-->src/main/AndroidManifest.xml:15:5-16:37
23        android:name="android.permission.WRITE_EXTERNAL_STORAGE"
23-->src/main/AndroidManifest.xml:15:22-78
24        android:maxSdkVersion="18" />
24-->src/main/AndroidManifest.xml:16:9-35
25    <uses-permission android:name="android.permission.ACCESS_FINE_LOCATION" />
25-->src/main/AndroidManifest.xml:17:5-78
25-->src/main/AndroidManifest.xml:17:22-76
26    <!-- END_INCLUDE(manifest) -->
27
28    <uses-feature
28-->src/main/AndroidManifest.xml:20:5-90
29        android:name="android.hardware.location.gps"
29-->src/main/AndroidManifest.xml:20:19-63
30        android:required="true" />
30-->src/main/AndroidManifest.xml:20:64-87
31    <uses-feature
31-->src/main/AndroidManifest.xml:21:5-22:67
32        android:glEsVersion="0x00020000"
32-->src/main/AndroidManifest.xml:22:9-41
33        android:required="true" />
33-->src/main/AndroidManifest.xml:22:42-65
34
35    <application
35-->src/main/AndroidManifest.xml:24:5-53:19
36        android:name="com.example.android.wearable.speedtracker.PhoneApplication"
36-->src/main/AndroidManifest.xml:25:9-41
37        android:allowBackup="true"
37-->src/main/AndroidManifest.xml:26:9-35
38        android:appComponentFactory="androidx.core.app.CoreComponentFactory"
38-->[androidx.core:core:1.1.0] AndroidManifest.xml:24:18-86
39        android:debuggable="true"
40        android:icon="@drawable/ic_launcher"
40-->src/main/AndroidManifest.xml:27:9-45
41        android:label="@string/app_name"
41-->src/main/AndroidManifest.xml:28:9-41
42        android:testOnly="true"
43        android:theme="@style/Theme.AppCompat.Light" >
43-->src/main/AndroidManifest.xml:29:9-53
44        <meta-data
44-->src/main/AndroidManifest.xml:30:9-32:53
45            android:name="com.google.android.maps.v2.API_KEY"
45-->src/main/AndroidManifest.xml:31:13-62
46            android:value="@string/map_v2_api_key" />
46-->src/main/AndroidManifest.xml:32:13-51
47        <meta-data
47-->src/main/AndroidManifest.xml:33:9-34:68
48            android:name="com.google.android.gms.version"
48-->src/main/AndroidManifest.xml:33:20-65
49            android:value="@integer/google_play_services_version" />
49-->src/main/AndroidManifest.xml:34:13-66
50
51        <activity
51-->src/main/AndroidManifest.xml:35:9-44:20
52            android:name="com.example.android.wearable.speedtracker.PhoneMainActivity"
52-->src/main/AndroidManifest.xml:36:13-46
53            android:label="@string/app_name"
53-->src/main/AndroidManifest.xml:37:13-45
54            android:screenOrientation="portrait" >
54-->src/main/AndroidManifest.xml:38:13-49
55            <intent-filter>
55-->src/main/AndroidManifest.xml:39:13-43:29
56                <action android:name="android.intent.action.MAIN" />
56-->src/main/AndroidManifest.xml:40:17-69
56-->src/main/AndroidManifest.xml:40:25-66
57
58                <category android:name="android.intent.category.LAUNCHER" />
58-->src/main/AndroidManifest.xml:42:17-77
58-->src/main/AndroidManifest.xml:42:27-74
59            </intent-filter>
60        </activity>
61
62        <service android:name="com.example.android.wearable.speedtracker.db.UpdateService" >
62-->src/main/AndroidManifest.xml:45:9-52:19
62-->src/main/AndroidManifest.xml:45:18-50
63            <intent-filter>
63-->src/main/AndroidManifest.xml:46:13-51:29
64
65                <!-- listeners receive events that match the action and data filters -->
66                <action android:name="com.google.android.gms.wearable.DATA_CHANGED" />
66-->src/main/AndroidManifest.xml:48:17-87
66-->src/main/AndroidManifest.xml:48:25-84
67                <!-- filters by Constants.PATH. -->
68                <data
68-->src/main/AndroidManifest.xml:50:17-94
69                    android:host="*"
69-->src/main/AndroidManifest.xml:50:45-61
70                    android:pathPrefix="/location"
70-->src/main/AndroidManifest.xml:50:62-92
71                    android:scheme="wear" />
71-->src/main/AndroidManifest.xml:50:23-44
72            </intent-filter>
73        </service>
74        <!-- Needs to be explicitly declared on P+ -->
75        <uses-library
75-->[com.google.android.gms:play-services-maps:17.0.0] AndroidManifest.xml:33:9-35:40
76            android:name="org.apache.http.legacy"
76-->[com.google.android.gms:play-services-maps:17.0.0] AndroidManifest.xml:34:13-50
77            android:required="false" />
77-->[com.google.android.gms:play-services-maps:17.0.0] AndroidManifest.xml:35:13-37
78
79        <activity
79-->[com.google.android.gms:play-services-base:17.0.0] AndroidManifest.xml:23:9-26:75
80            android:name="com.google.android.gms.common.api.GoogleApiActivity"
80-->[com.google.android.gms:play-services-base:17.0.0] AndroidManifest.xml:24:13-79
81            android:exported="false"
81-->[com.google.android.gms:play-services-base:17.0.0] AndroidManifest.xml:25:13-37
82            android:theme="@android:style/Theme.Translucent.NoTitleBar" />
82-->[com.google.android.gms:play-services-base:17.0.0] AndroidManifest.xml:26:13-72
83    </application>
84
85</manifest>